<?xml version="1.0" encoding="utf-8"?>
<CoverageSession xmlns:xsd="http://www.w3.org/2001/XMLSchema" xmlns:xsi="http://www.w3.org/2001/XMLSchema-instance" Version="4.7.1221.0">
  <Summary numSequencePoints="304" visitedSequencePoints="174" numBranchPoints="93" visitedBranchPoints="51" sequenceCoverage="57.24" branchCoverage="54.84" maxCyclomaticComplexity="13" minCyclomaticComplexity="1" maxCrapScore="182" minCrapScore="1" visitedClasses="3" numClasses="3" visitedMethods="30" numMethods="31" />
  <Modules>
    <Module hash="8E-3A-59-E6-16-3C-3B-AB-57-1C-14-B0-32-96-8A-C6-DC-14-12-D4">
      <Summary numSequencePoints="304" visitedSequencePoints="174" numBranchPoints="93" visitedBranchPoints="51" sequenceCoverage="57.24" branchCoverage="54.84" maxCyclomaticComplexity="13" minCyclomaticComplexity="1" maxCrapScore="182" minCrapScore="1" visitedClasses="3" numClasses="3" visitedMethods="30" numMethods="31" />
      <ModulePath>F:\Jigurda\lab9test\bin\Debug\fine-code-coverage\build-output\lab9.exe</ModulePath>
      <ModuleTime>2025-03-01T13:34:37.2401298Z</ModuleTime>
      <ModuleName>lab9</ModuleName>
      <Files>
        <File uid="1" fullPath="F:\Jigurda\lab9\Car.cs" />
        <File uid="2" fullPath="F:\Jigurda\lab9\CarArray.cs" />
        <File uid="3" fullPath="F:\Jigurda\lab9\Program.cs" />
      </Files>
      <Classes>
        <Class>
          <Summary numSequencePoints="90" visitedSequencePoints="87" numBranchPoints="34" visitedBranchPoints="32" sequenceCoverage="96.67" branchCoverage="94.12" maxCyclomaticComplexity="3" minCyclomaticComplexity="1" maxCrapScore="3" minCrapScore="1" visitedClasses="1" numClasses="1" visitedMethods="20" numMethods="20" />
          <FullName>Car</FullName>
          <Methods>
            <Method visited="true" cyclomaticComplexity="1" nPathComplexity="0" sequenceCoverage="100" branchCoverage="100" crapScore="1" isConstructor="false" isStatic="false" isGetter="true" isSetter="false">
              <Summary numSequencePoints="3" visitedSequencePoints="3" numBranchPoints="1" visitedBranchPoints="1" sequenceCoverage="100" branchCoverage="100" maxCyclomaticComplexity="1" minCyclomaticComplexity="1" maxCrapScore="1" minCrapScore="1" visitedClasses="0" numClasses="0" visitedMethods="1" numMethods="1" />
              <MetadataToken>100663297</MetadataToken>
              <Name>System.Double Car::get_FuelFlow()</Name>
              <FileRef uid="1" />
              <SequencePoints>
                <SequencePoint vc="24" uspid="1" ordinal="0" offset="0" sl="13" sc="13" el="13" ec="14" bec="0" bev="0" fileid="1" />
                <SequencePoint vc="24" uspid="2" ordinal="1" offset="1" sl="13" sc="15" el="13" ec="31" bec="0" bev="0" fileid="1" />
                <SequencePoint vc="24" uspid="3" ordinal="2" offset="10" sl="13" sc="32" el="13" ec="33" bec="0" bev="0" fileid="1" />
              </SequencePoints>
              <BranchPoints />
              <MethodPoint xsi:type="SequencePoint" vc="24" uspid="1" ordinal="0" offset="0" sl="13" sc="13" el="13" ec="14" bec="0" bev="0" fileid="1" />
            </Method>
            <Method visited="true" cyclomaticComplexity="1" nPathComplexity="0" sequenceCoverage="100" branchCoverage="100" crapScore="1" isConstructor="false" isStatic="false" isGetter="false" isSetter="true">
              <Summary numSequencePoints="3" visitedSequencePoints="3" numBranchPoints="1" visitedBranchPoints="1" sequenceCoverage="100" branchCoverage="100" maxCyclomaticComplexity="1" minCyclomaticComplexity="1" maxCrapScore="1" minCrapScore="1" visitedClasses="0" numClasses="0" visitedMethods="1" numMethods="1" />
              <MetadataToken>100663298</MetadataToken>
              <Name>System.Void Car::set_FuelFlow(System.Double)</Name>
              <FileRef uid="1" />
              <SequencePoints>
                <SequencePoint vc="14" uspid="4" ordinal="0" offset="0" sl="14" sc="13" el="14" ec="14" bec="0" bev="0" fileid="1" />
                <SequencePoint vc="14" uspid="5" ordinal="1" offset="1" sl="14" sc="15" el="14" ec="32" bec="0" bev="0" fileid="1" />
                <SequencePoint vc="14" uspid="6" ordinal="2" offset="8" sl="14" sc="33" el="14" ec="34" bec="0" bev="0" fileid="1" />
              </SequencePoints>
              <BranchPoints />
              <MethodPoint xsi:type="SequencePoint" vc="14" uspid="4" ordinal="0" offset="0" sl="14" sc="13" el="14" ec="14" bec="0" bev="0" fileid="1" />
            </Method>
            <Method visited="true" cyclomaticComplexity="1" nPathComplexity="0" sequenceCoverage="100" branchCoverage="100" crapScore="1" isConstructor="false" isStatic="false" isGetter="true" isSetter="false">
              <Summary numSequencePoints="3" visitedSequencePoints="3" numBranchPoints="1" visitedBranchPoints="1" sequenceCoverage="100" branchCoverage="100" maxCyclomaticComplexity="1" minCyclomaticComplexity="1" maxCrapScore="1" minCrapScore="1" visitedClasses="0" numClasses="0" visitedMethods="1" numMethods="1" />
              <MetadataToken>100663299</MetadataToken>
              <Name>System.Double Car::get_FuelVolume()</Name>
              <FileRef uid="1" />
              <SequencePoints>
                <SequencePoint vc="29" uspid="7" ordinal="0" offset="0" sl="18" sc="13" el="18" ec="14" bec="0" bev="0" fileid="1" />
                <SequencePoint vc="29" uspid="8" ordinal="1" offset="1" sl="18" sc="15" el="18" ec="33" bec="0" bev="0" fileid="1" />
                <SequencePoint vc="29" uspid="9" ordinal="2" offset="10" sl="18" sc="34" el="18" ec="35" bec="0" bev="0" fileid="1" />
              </SequencePoints>
              <BranchPoints />
              <MethodPoint xsi:type="SequencePoint" vc="29" uspid="7" ordinal="0" offset="0" sl="18" sc="13" el="18" ec="14" bec="0" bev="0" fileid="1" />
            </Method>
            <Method visited="true" cyclomaticComplexity="1" nPathComplexity="0" sequenceCoverage="100" branchCoverage="100" crapScore="1" isConstructor="false" isStatic="false" isGetter="false" isSetter="true">
              <Summary numSequencePoints="3" visitedSequencePoints="3" numBranchPoints="1" visitedBranchPoints="1" sequenceCoverage="100" branchCoverage="100" maxCyclomaticComplexity="1" minCyclomaticComplexity="1" maxCrapScore="1" minCrapScore="1" visitedClasses="0" numClasses="0" visitedMethods="1" numMethods="1" />
              <MetadataToken>100663300</MetadataToken>
              <Name>System.Void Car::set_FuelVolume(System.Double)</Name>
              <FileRef uid="1" />
              <SequencePoints>
                <SequencePoint vc="14" uspid="10" ordinal="0" offset="0" sl="19" sc="13" el="19" ec="14" bec="0" bev="0" fileid="1" />
                <SequencePoint vc="14" uspid="11" ordinal="1" offset="1" sl="19" sc="15" el="19" ec="34" bec="0" bev="0" fileid="1" />
                <SequencePoint vc="14" uspid="12" ordinal="2" offset="8" sl="19" sc="35" el="19" ec="36" bec="0" bev="0" fileid="1" />
              </SequencePoints>
              <BranchPoints />
              <MethodPoint xsi:type="SequencePoint" vc="14" uspid="10" ordinal="0" offset="0" sl="19" sc="13" el="19" ec="14" bec="0" bev="0" fileid="1" />
            </Method>
            <Method visited="true" cyclomaticComplexity="1" nPathComplexity="0" sequenceCoverage="100" branchCoverage="100" crapScore="1" isConstructor="false" isStatic="true" isGetter="true" isSetter="false">
              <Summary numSequencePoints="1" visitedSequencePoints="1" numBranchPoints="1" visitedBranchPoints="1" sequenceCoverage="100" branchCoverage="100" maxCyclomaticComplexity="1" minCyclomaticComplexity="1" maxCrapScore="1" minCrapScore="1" visitedClasses="0" numClasses="0" visitedMethods="1" numMethods="1" />
              <MetadataToken>100663307</MetadataToken>
              <Name>System.Int32 Car::get_Count()</Name>
              <FileRef uid="1" />
              <SequencePoints>
                <SequencePoint vc="2" uspid="13" ordinal="0" offset="0" sl="62" sc="32" el="62" ec="37" bec="0" bev="0" fileid="1" />
              </SequencePoints>
              <BranchPoints />
              <MethodPoint xsi:type="SequencePoint" vc="2" uspid="13" ordinal="0" offset="0" sl="62" sc="32" el="62" ec="37" bec="0" bev="0" fileid="1" />
            </Method>
            <Method visited="true" cyclomaticComplexity="1" nPathComplexity="0" sequenceCoverage="100" branchCoverage="100" crapScore="1" isConstructor="true" isStatic="false" isGetter="false" isSetter="false">
              <Summary numSequencePoints="6" visitedSequencePoints="6" numBranchPoints="1" visitedBranchPoints="1" sequenceCoverage="100" branchCoverage="100" maxCyclomaticComplexity="1" minCyclomaticComplexity="1" maxCrapScore="1" minCrapScore="1" visitedClasses="0" numClasses="0" visitedMethods="1" numMethods="1" />
              <MetadataToken>100663301</MetadataToken>
              <Name>System.Void Car::.ctor(System.Double,System.Double)</Name>
              <FileRef uid="1" />
              <SequencePoints>
                <SequencePoint vc="46" uspid="14" ordinal="0" offset="0" sl="22" sc="5" el="22" ec="51" bec="0" bev="0" fileid="1" />
                <SequencePoint vc="46" uspid="15" ordinal="1" offset="7" sl="23" sc="5" el="23" ec="6" bec="0" bev="0" fileid="1" />
                <SequencePoint vc="46" uspid="16" ordinal="2" offset="8" sl="24" sc="9" el="24" ec="34" bec="0" bev="0" fileid="1" />
                <SequencePoint vc="46" uspid="17" ordinal="3" offset="15" sl="25" sc="9" el="25" ec="38" bec="0" bev="0" fileid="1" />
                <SequencePoint vc="46" uspid="18" ordinal="4" offset="22" sl="27" sc="9" el="27" ec="17" bec="0" bev="0" fileid="1" />
                <SequencePoint vc="46" uspid="19" ordinal="5" offset="34" sl="28" sc="5" el="28" ec="6" bec="0" bev="0" fileid="1" />
              </SequencePoints>
              <BranchPoints />
              <MethodPoint xsi:type="SequencePoint" vc="46" uspid="14" ordinal="0" offset="0" sl="22" sc="5" el="22" ec="51" bec="0" bev="0" fileid="1" />
            </Method>
            <Method visited="true" cyclomaticComplexity="1" nPathComplexity="0" sequenceCoverage="100" branchCoverage="100" crapScore="1" isConstructor="true" isStatic="false" isGetter="false" isSetter="false">
              <Summary numSequencePoints="6" visitedSequencePoints="6" numBranchPoints="1" visitedBranchPoints="1" sequenceCoverage="100" branchCoverage="100" maxCyclomaticComplexity="1" minCyclomaticComplexity="1" maxCrapScore="1" minCrapScore="1" visitedClasses="0" numClasses="0" visitedMethods="1" numMethods="1" />
              <MetadataToken>100663302</MetadataToken>
              <Name>System.Void Car::.ctor()</Name>
              <FileRef uid="1" />
              <SequencePoints>
                <SequencePoint vc="12" uspid="20" ordinal="0" offset="0" sl="30" sc="5" el="30" ec="17" bec="0" bev="0" fileid="1" />
                <SequencePoint vc="12" uspid="21" ordinal="1" offset="7" sl="31" sc="5" el="31" ec="6" bec="0" bev="0" fileid="1" />
                <SequencePoint vc="12" uspid="22" ordinal="2" offset="8" sl="32" sc="9" el="32" ec="22" bec="0" bev="0" fileid="1" />
                <SequencePoint vc="12" uspid="23" ordinal="3" offset="24" sl="33" sc="9" el="33" ec="24" bec="0" bev="0" fileid="1" />
                <SequencePoint vc="12" uspid="24" ordinal="4" offset="40" sl="35" sc="9" el="35" ec="17" bec="0" bev="0" fileid="1" />
                <SequencePoint vc="12" uspid="25" ordinal="5" offset="52" sl="36" sc="5" el="36" ec="6" bec="0" bev="0" fileid="1" />
              </SequencePoints>
              <BranchPoints />
              <MethodPoint xsi:type="SequencePoint" vc="12" uspid="20" ordinal="0" offset="0" sl="30" sc="5" el="30" ec="17" bec="0" bev="0" fileid="1" />
            </Method>
            <Method visited="true" cyclomaticComplexity="1" nPathComplexity="0" sequenceCoverage="100" branchCoverage="100" crapScore="1" isConstructor="true" isStatic="false" isGetter="false" isSetter="false">
              <Summary numSequencePoints="6" visitedSequencePoints="6" numBranchPoints="1" visitedBranchPoints="1" sequenceCoverage="100" branchCoverage="100" maxCyclomaticComplexity="1" minCyclomaticComplexity="1" maxCrapScore="1" minCrapScore="1" visitedClasses="0" numClasses="0" visitedMethods="1" numMethods="1" />
              <MetadataToken>100663303</MetadataToken>
              <Name>System.Void Car::.ctor(Car)</Name>
              <FileRef uid="1" />
              <SequencePoints>
                <SequencePoint vc="2" uspid="26" ordinal="0" offset="0" sl="38" sc="5" el="38" ec="25" bec="0" bev="0" fileid="1" />
                <SequencePoint vc="2" uspid="27" ordinal="1" offset="7" sl="39" sc="5" el="39" ec="6" bec="0" bev="0" fileid="1" />
                <SequencePoint vc="2" uspid="28" ordinal="2" offset="8" sl="40" sc="9" el="40" ec="39" bec="0" bev="0" fileid="1" />
                <SequencePoint vc="2" uspid="29" ordinal="3" offset="20" sl="41" sc="9" el="41" ec="43" bec="0" bev="0" fileid="1" />
                <SequencePoint vc="2" uspid="30" ordinal="4" offset="32" sl="43" sc="9" el="43" ec="17" bec="0" bev="0" fileid="1" />
                <SequencePoint vc="2" uspid="31" ordinal="5" offset="44" sl="44" sc="5" el="44" ec="6" bec="0" bev="0" fileid="1" />
              </SequencePoints>
              <BranchPoints />
              <MethodPoint xsi:type="SequencePoint" vc="2" uspid="26" ordinal="0" offset="0" sl="38" sc="5" el="38" ec="25" bec="0" bev="0" fileid="1" />
            </Method>
            <Method visited="true" cyclomaticComplexity="1" nPathComplexity="0" sequenceCoverage="100" branchCoverage="100" crapScore="1" isConstructor="false" isStatic="true" isGetter="false" isSetter="false">
              <Summary numSequencePoints="3" visitedSequencePoints="3" numBranchPoints="1" visitedBranchPoints="1" sequenceCoverage="100" branchCoverage="100" maxCyclomaticComplexity="1" minCyclomaticComplexity="1" maxCrapScore="1" minCrapScore="1" visitedClasses="0" numClasses="0" visitedMethods="1" numMethods="1" />
              <MetadataToken>100663304</MetadataToken>
              <Name>System.Double Car::Calculate(Car)</Name>
              <FileRef uid="1" />
              <SequencePoints>
                <SequencePoint vc="1" uspid="32" ordinal="0" offset="0" sl="47" sc="5" el="47" ec="6" bec="0" bev="0" fileid="1" />
                <SequencePoint vc="1" uspid="33" ordinal="1" offset="1" sl="48" sc="9" el="48" ec="52" bec="0" bev="0" fileid="1" />
                <SequencePoint vc="1" uspid="34" ordinal="2" offset="27" sl="49" sc="5" el="49" ec="6" bec="0" bev="0" fileid="1" />
              </SequencePoints>
              <BranchPoints />
              <MethodPoint xsi:type="SequencePoint" vc="1" uspid="32" ordinal="0" offset="0" sl="47" sc="5" el="47" ec="6" bec="0" bev="0" fileid="1" />
            </Method>
            <Method visited="true" cyclomaticComplexity="1" nPathComplexity="0" sequenceCoverage="100" branchCoverage="100" crapScore="1" isConstructor="false" isStatic="false" isGetter="false" isSetter="false">
              <Summary numSequencePoints="3" visitedSequencePoints="3" numBranchPoints="1" visitedBranchPoints="1" sequenceCoverage="100" branchCoverage="100" maxCyclomaticComplexity="1" minCyclomaticComplexity="1" maxCrapScore="1" minCrapScore="1" visitedClasses="0" numClasses="0" visitedMethods="1" numMethods="1" />
              <MetadataToken>100663305</MetadataToken>
              <Name>System.Double Car::Calculate()</Name>
              <FileRef uid="1" />
              <SequencePoints>
                <SequencePoint vc="5" uspid="35" ordinal="0" offset="0" sl="52" sc="5" el="52" ec="6" bec="0" bev="0" fileid="1" />
                <SequencePoint vc="5" uspid="36" ordinal="1" offset="1" sl="53" sc="9" el="53" ec="44" bec="0" bev="0" fileid="1" />
                <SequencePoint vc="5" uspid="37" ordinal="2" offset="27" sl="54" sc="5" el="54" ec="6" bec="0" bev="0" fileid="1" />
              </SequencePoints>
              <BranchPoints />
              <MethodPoint xsi:type="SequencePoint" vc="5" uspid="35" ordinal="0" offset="0" sl="52" sc="5" el="52" ec="6" bec="0" bev="0" fileid="1" />
            </Method>
            <Method visited="true" cyclomaticComplexity="1" nPathComplexity="0" sequenceCoverage="100" branchCoverage="100" crapScore="1" isConstructor="false" isStatic="false" isGetter="false" isSetter="false">
              <Summary numSequencePoints="4" visitedSequencePoints="4" numBranchPoints="1" visitedBranchPoints="1" sequenceCoverage="100" branchCoverage="100" maxCyclomaticComplexity="1" minCyclomaticComplexity="1" maxCrapScore="1" minCrapScore="1" visitedClasses="0" numClasses="0" visitedMethods="1" numMethods="1" />
              <MetadataToken>100663306</MetadataToken>
              <Name>System.Void Car::Print()</Name>
              <FileRef uid="1" />
              <SequencePoints>
                <SequencePoint vc="3" uspid="38" ordinal="0" offset="0" sl="57" sc="5" el="57" ec="6" bec="0" bev="0" fileid="1" />
                <SequencePoint vc="3" uspid="39" ordinal="1" offset="1" sl="58" sc="9" el="58" ec="49" bec="0" bev="0" fileid="1" />
                <SequencePoint vc="3" uspid="40" ordinal="2" offset="28" sl="59" sc="9" el="59" ec="53" bec="0" bev="0" fileid="1" />
                <SequencePoint vc="3" uspid="41" ordinal="3" offset="55" sl="60" sc="5" el="60" ec="6" bec="0" bev="0" fileid="1" />
              </SequencePoints>
              <BranchPoints />
              <MethodPoint xsi:type="SequencePoint" vc="3" uspid="38" ordinal="0" offset="0" sl="57" sc="5" el="57" ec="6" bec="0" bev="0" fileid="1" />
            </Method>
            <Method visited="true" cyclomaticComplexity="1" nPathComplexity="0" sequenceCoverage="100" branchCoverage="100" crapScore="1" isConstructor="false" isStatic="true" isGetter="false" isSetter="false">
              <Summary numSequencePoints="3" visitedSequencePoints="3" numBranchPoints="1" visitedBranchPoints="1" sequenceCoverage="100" branchCoverage="100" maxCyclomaticComplexity="1" minCyclomaticComplexity="1" maxCrapScore="1" minCrapScore="1" visitedClasses="0" numClasses="0" visitedMethods="1" numMethods="1" />
              <MetadataToken>100663308</MetadataToken>
              <Name>System.Void Car::ResetCount()</Name>
              <FileRef uid="1" />
              <SequencePoints>
                <SequencePoint vc="2" uspid="42" ordinal="0" offset="0" sl="64" sc="5" el="64" ec="6" bec="0" bev="0" fileid="1" />
                <SequencePoint vc="2" uspid="43" ordinal="1" offset="1" sl="65" sc="9" el="65" ec="19" bec="0" bev="0" fileid="1" />
                <SequencePoint vc="2" uspid="44" ordinal="2" offset="7" sl="66" sc="5" el="66" ec="6" bec="0" bev="0" fileid="1" />
              </SequencePoints>
              <BranchPoints />
              <MethodPoint xsi:type="SequencePoint" vc="2" uspid="42" ordinal="0" offset="0" sl="64" sc="5" el="64" ec="6" bec="0" bev="0" fileid="1" />
            </Method>
            <Method visited="true" cyclomaticComplexity="1" nPathComplexity="0" sequenceCoverage="100" branchCoverage="100" crapScore="1" isConstructor="false" isStatic="true" isGetter="false" isSetter="false">
              <Summary numSequencePoints="4" visitedSequencePoints="4" numBranchPoints="1" visitedBranchPoints="1" sequenceCoverage="100" branchCoverage="100" maxCyclomaticComplexity="1" minCyclomaticComplexity="1" maxCrapScore="1" minCrapScore="1" visitedClasses="0" numClasses="0" visitedMethods="1" numMethods="1" />
              <MetadataToken>100663309</MetadataToken>
              <Name>Car Car::op_Increment(Car)</Name>
              <FileRef uid="1" />
              <SequencePoints>
                <SequencePoint vc="1" uspid="45" ordinal="0" offset="0" sl="69" sc="5" el="69" ec="6" bec="0" bev="0" fileid="1" />
                <SequencePoint vc="1" uspid="46" ordinal="1" offset="1" sl="70" sc="9" el="70" ec="29" bec="0" bev="0" fileid="1" />
                <SequencePoint vc="1" uspid="47" ordinal="2" offset="24" sl="71" sc="9" el="71" ec="20" bec="0" bev="0" fileid="1" />
                <SequencePoint vc="1" uspid="48" ordinal="3" offset="28" sl="72" sc="5" el="72" ec="6" bec="0" bev="0" fileid="1" />
              </SequencePoints>
              <BranchPoints />
              <MethodPoint xsi:type="SequencePoint" vc="1" uspid="45" ordinal="0" offset="0" sl="69" sc="5" el="69" ec="6" bec="0" bev="0" fileid="1" />
            </Method>
            <Method visited="true" cyclomaticComplexity="2" nPathComplexity="2" sequenceCoverage="70" branchCoverage="66.67" crapScore="2.11" isConstructor="false" isStatic="true" isGetter="false" isSetter="false">
              <Summary numSequencePoints="10" visitedSequencePoints="7" numBranchPoints="3" visitedBranchPoints="2" sequenceCoverage="70" branchCoverage="66.67" maxCyclomaticComplexity="2" minCyclomaticComplexity="2" maxCrapScore="2.11" minCrapScore="2.11" visitedClasses="0" numClasses="0" visitedMethods="1" numMethods="1" />
              <MetadataToken>100663310</MetadataToken>
              <Name>Car Car::op_Decrement(Car)</Name>
              <FileRef uid="1" />
              <SequencePoints>
                <SequencePoint vc="1" uspid="49" ordinal="0" offset="0" sl="75" sc="5" el="75" ec="6" bec="0" bev="0" fileid="1" />
                <SequencePoint vc="1" uspid="50" ordinal="1" offset="1" sl="76" sc="9" el="76" ec="33" bec="2" bev="1" fileid="1" />
                <SequencePoint vc="1" uspid="51" ordinal="2" offset="25" sl="77" sc="9" el="77" ec="10" bec="0" bev="0" fileid="1" />
                <SequencePoint vc="1" uspid="52" ordinal="3" offset="26" sl="78" sc="13" el="78" ec="33" bec="0" bev="0" fileid="1" />
                <SequencePoint vc="1" uspid="53" ordinal="4" offset="49" sl="79" sc="9" el="79" ec="10" bec="0" bev="0" fileid="1" />
                <SequencePoint vc="0" uspid="54" ordinal="5" offset="52" sl="81" sc="9" el="81" ec="10" bec="0" bev="0" fileid="1" />
                <SequencePoint vc="0" uspid="55" ordinal="6" offset="53" sl="82" sc="13" el="82" ec="69" bec="0" bev="0" fileid="1" />
                <SequencePoint vc="0" uspid="56" ordinal="7" offset="64" sl="83" sc="9" el="83" ec="10" bec="0" bev="0" fileid="1" />
                <SequencePoint vc="1" uspid="57" ordinal="8" offset="65" sl="84" sc="9" el="84" ec="20" bec="0" bev="0" fileid="1" />
                <SequencePoint vc="1" uspid="58" ordinal="9" offset="69" sl="85" sc="5" el="85" ec="6" bec="0" bev="0" fileid="1" />
              </SequencePoints>
              <BranchPoints>
                <BranchPoint vc="1" uspid="59" ordinal="0" offset="23" sl="76" path="0" offsetend="25" fileid="1" />
                <BranchPoint vc="0" uspid="60" ordinal="1" offset="23" sl="76" path="1" offsetend="52" fileid="1" />
              </BranchPoints>
              <MethodPoint xsi:type="SequencePoint" vc="1" uspid="49" ordinal="0" offset="0" sl="75" sc="5" el="75" ec="6" bec="0" bev="0" fileid="1" />
            </Method>
            <Method visited="true" cyclomaticComplexity="2" nPathComplexity="2" sequenceCoverage="100" branchCoverage="100" crapScore="2" isConstructor="false" isStatic="true" isGetter="false" isSetter="false">
              <Summary numSequencePoints="6" visitedSequencePoints="6" numBranchPoints="3" visitedBranchPoints="3" sequenceCoverage="100" branchCoverage="100" maxCyclomaticComplexity="2" minCyclomaticComplexity="2" maxCrapScore="2" minCrapScore="2" visitedClasses="0" numClasses="0" visitedMethods="1" numMethods="1" />
              <MetadataToken>100663311</MetadataToken>
              <Name>System.Boolean Car::op_Explicit(Car)</Name>
              <FileRef uid="1" />
              <SequencePoints>
                <SequencePoint vc="2" uspid="61" ordinal="0" offset="0" sl="88" sc="5" el="88" ec="6" bec="0" bev="0" fileid="1" />
                <SequencePoint vc="2" uspid="62" ordinal="1" offset="1" sl="89" sc="9" el="89" ec="48" bec="2" bev="2" fileid="1" />
                <SequencePoint vc="1" uspid="63" ordinal="2" offset="32" sl="90" sc="9" el="90" ec="10" bec="0" bev="0" fileid="1" />
                <SequencePoint vc="1" uspid="64" ordinal="3" offset="33" sl="91" sc="13" el="91" ec="25" bec="0" bev="0" fileid="1" />
                <SequencePoint vc="1" uspid="65" ordinal="4" offset="37" sl="93" sc="9" el="93" ec="22" bec="0" bev="0" fileid="1" />
                <SequencePoint vc="2" uspid="66" ordinal="5" offset="41" sl="94" sc="5" el="94" ec="6" bec="0" bev="0" fileid="1" />
              </SequencePoints>
              <BranchPoints>
                <BranchPoint vc="1" uspid="67" ordinal="0" offset="30" sl="89" path="0" offsetend="32" fileid="1" />
                <BranchPoint vc="1" uspid="68" ordinal="1" offset="30" sl="89" path="1" offsetend="37" fileid="1" />
              </BranchPoints>
              <MethodPoint xsi:type="SequencePoint" vc="2" uspid="61" ordinal="0" offset="0" sl="88" sc="5" el="88" ec="6" bec="0" bev="0" fileid="1" />
            </Method>
            <Method visited="true" cyclomaticComplexity="2" nPathComplexity="2" sequenceCoverage="100" branchCoverage="100" crapScore="2" isConstructor="false" isStatic="true" isGetter="false" isSetter="false">
              <Summary numSequencePoints="6" visitedSequencePoints="6" numBranchPoints="3" visitedBranchPoints="3" sequenceCoverage="100" branchCoverage="100" maxCyclomaticComplexity="2" minCyclomaticComplexity="2" maxCrapScore="2" minCrapScore="2" visitedClasses="0" numClasses="0" visitedMethods="1" numMethods="1" />
              <MetadataToken>100663312</MetadataToken>
              <Name>System.Double Car::op_Implicit(Car)</Name>
              <FileRef uid="1" />
              <SequencePoints>
                <SequencePoint vc="2" uspid="69" ordinal="0" offset="0" sl="97" sc="5" el="97" ec="6" bec="0" bev="0" fileid="1" />
                <SequencePoint vc="2" uspid="70" ordinal="1" offset="1" sl="98" sc="9" el="98" ec="32" bec="2" bev="2" fileid="1" />
                <SequencePoint vc="1" uspid="71" ordinal="2" offset="22" sl="99" sc="9" el="99" ec="10" bec="0" bev="0" fileid="1" />
                <SequencePoint vc="1" uspid="72" ordinal="3" offset="23" sl="100" sc="13" el="100" ec="23" bec="0" bev="0" fileid="1" />
                <SequencePoint vc="1" uspid="73" ordinal="4" offset="35" sl="102" sc="9" el="102" ec="54" bec="0" bev="0" fileid="1" />
                <SequencePoint vc="2" uspid="74" ordinal="5" offset="61" sl="103" sc="5" el="103" ec="6" bec="0" bev="0" fileid="1" />
              </SequencePoints>
              <BranchPoints>
                <BranchPoint vc="1" uspid="75" ordinal="0" offset="20" sl="98" path="0" offsetend="22" fileid="1" />
                <BranchPoint vc="1" uspid="76" ordinal="1" offset="20" sl="98" path="1" offsetend="35" fileid="1" />
              </BranchPoints>
              <MethodPoint xsi:type="SequencePoint" vc="2" uspid="69" ordinal="0" offset="0" sl="97" sc="5" el="97" ec="6" bec="0" bev="0" fileid="1" />
            </Method>
            <Method visited="true" cyclomaticComplexity="1" nPathComplexity="0" sequenceCoverage="100" branchCoverage="100" crapScore="1" isConstructor="false" isStatic="true" isGetter="false" isSetter="false">
              <Summary numSequencePoints="4" visitedSequencePoints="4" numBranchPoints="1" visitedBranchPoints="1" sequenceCoverage="100" branchCoverage="100" maxCyclomaticComplexity="1" minCyclomaticComplexity="1" maxCrapScore="1" minCrapScore="1" visitedClasses="0" numClasses="0" visitedMethods="1" numMethods="1" />
              <MetadataToken>100663313</MetadataToken>
              <Name>Car Car::op_Addition(Car,System.Double)</Name>
              <FileRef uid="1" />
              <SequencePoints>
                <SequencePoint vc="1" uspid="77" ordinal="0" offset="0" sl="106" sc="5" el="106" ec="6" bec="0" bev="0" fileid="1" />
                <SequencePoint vc="1" uspid="78" ordinal="1" offset="1" sl="107" sc="9" el="107" ec="32" bec="0" bev="0" fileid="1" />
                <SequencePoint vc="1" uspid="79" ordinal="2" offset="15" sl="108" sc="9" el="108" ec="20" bec="0" bev="0" fileid="1" />
                <SequencePoint vc="1" uspid="80" ordinal="3" offset="19" sl="109" sc="5" el="109" ec="6" bec="0" bev="0" fileid="1" />
              </SequencePoints>
              <BranchPoints />
              <MethodPoint xsi:type="SequencePoint" vc="1" uspid="77" ordinal="0" offset="0" sl="106" sc="5" el="106" ec="6" bec="0" bev="0" fileid="1" />
            </Method>
            <Method visited="true" cyclomaticComplexity="1" nPathComplexity="0" sequenceCoverage="100" branchCoverage="100" crapScore="1" isConstructor="false" isStatic="true" isGetter="false" isSetter="false">
              <Summary numSequencePoints="4" visitedSequencePoints="4" numBranchPoints="1" visitedBranchPoints="1" sequenceCoverage="100" branchCoverage="100" maxCyclomaticComplexity="1" minCyclomaticComplexity="1" maxCrapScore="1" minCrapScore="1" visitedClasses="0" numClasses="0" visitedMethods="1" numMethods="1" />
              <MetadataToken>100663314</MetadataToken>
              <Name>Car Car::op_Addition(System.Double,Car)</Name>
              <FileRef uid="1" />
              <SequencePoints>
                <SequencePoint vc="1" uspid="81" ordinal="0" offset="0" sl="112" sc="5" el="112" ec="6" bec="0" bev="0" fileid="1" />
                <SequencePoint vc="1" uspid="82" ordinal="1" offset="1" sl="113" sc="9" el="113" ec="30" bec="0" bev="0" fileid="1" />
                <SequencePoint vc="1" uspid="83" ordinal="2" offset="15" sl="114" sc="9" el="114" ec="20" bec="0" bev="0" fileid="1" />
                <SequencePoint vc="1" uspid="84" ordinal="3" offset="19" sl="115" sc="5" el="115" ec="6" bec="0" bev="0" fileid="1" />
              </SequencePoints>
              <BranchPoints />
              <MethodPoint xsi:type="SequencePoint" vc="1" uspid="81" ordinal="0" offset="0" sl="112" sc="5" el="112" ec="6" bec="0" bev="0" fileid="1" />
            </Method>
            <Method visited="true" cyclomaticComplexity="3" nPathComplexity="4" sequenceCoverage="100" branchCoverage="80" crapScore="3" isConstructor="false" isStatic="true" isGetter="false" isSetter="false">
              <Summary numSequencePoints="6" visitedSequencePoints="6" numBranchPoints="5" visitedBranchPoints="4" sequenceCoverage="100" branchCoverage="80" maxCyclomaticComplexity="3" minCyclomaticComplexity="3" maxCrapScore="3" minCrapScore="3" visitedClasses="0" numClasses="0" visitedMethods="1" numMethods="1" />
              <MetadataToken>100663315</MetadataToken>
              <Name>System.Boolean Car::op_Equality(Car,Car)</Name>
              <FileRef uid="1" />
              <SequencePoints>
                <SequencePoint vc="4" uspid="85" ordinal="0" offset="0" sl="118" sc="5" el="118" ec="6" bec="0" bev="0" fileid="1" />
                <SequencePoint vc="4" uspid="86" ordinal="1" offset="1" sl="119" sc="9" el="119" ec="78" bec="4" bev="3" fileid="1" />
                <SequencePoint vc="3" uspid="87" ordinal="2" offset="36" sl="120" sc="9" el="120" ec="10" bec="0" bev="0" fileid="1" />
                <SequencePoint vc="3" uspid="88" ordinal="3" offset="37" sl="121" sc="13" el="121" ec="25" bec="0" bev="0" fileid="1" />
                <SequencePoint vc="1" uspid="89" ordinal="4" offset="41" sl="123" sc="9" el="123" ec="22" bec="0" bev="0" fileid="1" />
                <SequencePoint vc="4" uspid="90" ordinal="5" offset="45" sl="124" sc="5" el="124" ec="6" bec="0" bev="0" fileid="1" />
              </SequencePoints>
              <BranchPoints>
                <BranchPoint vc="4" uspid="91" ordinal="0" offset="13" sl="119" path="0" offsetend="15" fileid="1" />
                <BranchPoint vc="0" uspid="92" ordinal="1" offset="13" sl="119" path="1" offsetend="31" fileid="1" />
                <BranchPoint vc="3" uspid="93" ordinal="2" offset="34" sl="119" path="0" offsetend="36" fileid="1" />
                <BranchPoint vc="1" uspid="94" ordinal="3" offset="34" sl="119" path="1" offsetend="41" fileid="1" />
              </BranchPoints>
              <MethodPoint xsi:type="SequencePoint" vc="4" uspid="85" ordinal="0" offset="0" sl="118" sc="5" el="118" ec="6" bec="0" bev="0" fileid="1" />
            </Method>
            <Method visited="true" cyclomaticComplexity="3" nPathComplexity="4" sequenceCoverage="100" branchCoverage="100" crapScore="3" isConstructor="false" isStatic="true" isGetter="false" isSetter="false">
              <Summary numSequencePoints="6" visitedSequencePoints="6" numBranchPoints="5" visitedBranchPoints="5" sequenceCoverage="100" branchCoverage="100" maxCyclomaticComplexity="3" minCyclomaticComplexity="3" maxCrapScore="3" minCrapScore="3" visitedClasses="0" numClasses="0" visitedMethods="1" numMethods="1" />
              <MetadataToken>100663316</MetadataToken>
              <Name>System.Boolean Car::op_Inequality(Car,Car)</Name>
              <FileRef uid="1" />
              <SequencePoints>
                <SequencePoint vc="3" uspid="95" ordinal="0" offset="0" sl="127" sc="5" el="127" ec="6" bec="0" bev="0" fileid="1" />
                <SequencePoint vc="3" uspid="96" ordinal="1" offset="1" sl="128" sc="9" el="128" ec="78" bec="4" bev="4" fileid="1" />
                <SequencePoint vc="2" uspid="97" ordinal="2" offset="39" sl="129" sc="9" el="129" ec="10" bec="0" bev="0" fileid="1" />
                <SequencePoint vc="2" uspid="98" ordinal="3" offset="40" sl="130" sc="13" el="130" ec="25" bec="0" bev="0" fileid="1" />
                <SequencePoint vc="1" uspid="99" ordinal="4" offset="44" sl="132" sc="9" el="132" ec="22" bec="0" bev="0" fileid="1" />
                <SequencePoint vc="3" uspid="100" ordinal="5" offset="48" sl="133" sc="5" el="133" ec="6" bec="0" bev="0" fileid="1" />
              </SequencePoints>
              <BranchPoints>
                <BranchPoint vc="2" uspid="101" ordinal="0" offset="13" sl="128" path="0" offsetend="15" fileid="1" />
                <BranchPoint vc="1" uspid="102" ordinal="1" offset="13" sl="128" path="1" offsetend="34" fileid="1" />
                <BranchPoint vc="2" uspid="103" ordinal="2" offset="37" sl="128" path="0" offsetend="39" fileid="1" />
                <BranchPoint vc="1" uspid="104" ordinal="3" offset="37" sl="128" path="1" offsetend="44" fileid="1" />
              </BranchPoints>
              <MethodPoint xsi:type="SequencePoint" vc="3" uspid="95" ordinal="0" offset="0" sl="127" sc="5" el="127" ec="6" bec="0" bev="0" fileid="1" />
            </Method>
          </Methods>
        </Class>
        <Class>
          <Summary numSequencePoints="95" visitedSequencePoints="66" numBranchPoints="35" visitedBranchPoints="17" sequenceCoverage="69.47" branchCoverage="48.57" maxCyclomaticComplexity="12" minCyclomaticComplexity="1" maxCrapScore="48.71" minCrapScore="1" visitedClasses="1" numClasses="1" visitedMethods="9" numMethods="9" />
          <FullName>lab9.CarArray</FullName>
          <Methods>
            <Method visited="true" cyclomaticComplexity="1" nPathComplexity="0" sequenceCoverage="100" branchCoverage="100" crapScore="1" isConstructor="false" isStatic="true" isGetter="true" isSetter="false">
              <Summary numSequencePoints="1" visitedSequencePoints="1" numBranchPoints="1" visitedBranchPoints="1" sequenceCoverage="100" branchCoverage="100" maxCyclomaticComplexity="1" minCyclomaticComplexity="1" maxCrapScore="1" minCrapScore="1" visitedClasses="0" numClasses="0" visitedMethods="1" numMethods="1" />
              <MetadataToken>100663318</MetadataToken>
              <Name>System.Int32 lab9.CarArray::get_Count()</Name>
              <FileRef uid="2" />
              <SequencePoints>
                <SequencePoint vc="2" uspid="105" ordinal="0" offset="0" sl="22" sc="36" el="22" ec="44" bec="0" bev="0" fileid="2" />
              </SequencePoints>
              <BranchPoints />
              <MethodPoint xsi:type="SequencePoint" vc="2" uspid="105" ordinal="0" offset="0" sl="22" sc="36" el="22" ec="44" bec="0" bev="0" fileid="2" />
            </Method>
            <Method visited="true" cyclomaticComplexity="1" nPathComplexity="0" sequenceCoverage="100" branchCoverage="100" crapScore="1" isConstructor="false" isStatic="false" isGetter="true" isSetter="false">
              <Summary numSequencePoints="1" visitedSequencePoints="1" numBranchPoints="1" visitedBranchPoints="1" sequenceCoverage="100" branchCoverage="100" maxCyclomaticComplexity="1" minCyclomaticComplexity="1" maxCrapScore="1" minCrapScore="1" visitedClasses="0" numClasses="0" visitedMethods="1" numMethods="1" />
              <MetadataToken>100663320</MetadataToken>
              <Name>System.Int32 lab9.CarArray::get_Length()</Name>
              <FileRef uid="2" />
              <SequencePoints>
                <SequencePoint vc="5" uspid="106" ordinal="0" offset="0" sl="27" sc="30" el="27" ec="43" bec="0" bev="0" fileid="2" />
              </SequencePoints>
              <BranchPoints />
              <MethodPoint xsi:type="SequencePoint" vc="5" uspid="106" ordinal="0" offset="0" sl="27" sc="30" el="27" ec="43" bec="0" bev="0" fileid="2" />
            </Method>
            <Method visited="true" cyclomaticComplexity="3" nPathComplexity="4" sequenceCoverage="100" branchCoverage="80" crapScore="3" isConstructor="false" isStatic="false" isGetter="true" isSetter="false">
              <Summary numSequencePoints="7" visitedSequencePoints="7" numBranchPoints="5" visitedBranchPoints="4" sequenceCoverage="100" branchCoverage="80" maxCyclomaticComplexity="3" minCyclomaticComplexity="3" maxCrapScore="3" minCrapScore="3" visitedClasses="0" numClasses="0" visitedMethods="1" numMethods="1" />
              <MetadataToken>100663324</MetadataToken>
              <Name>Car lab9.CarArray::get_Item(System.Int32)</Name>
              <FileRef uid="2" />
              <SequencePoints>
                <SequencePoint vc="13" uspid="107" ordinal="0" offset="0" sl="100" sc="13" el="100" ec="14" bec="0" bev="0" fileid="2" />
                <SequencePoint vc="13" uspid="108" ordinal="1" offset="1" sl="101" sc="17" el="101" ec="58" bec="4" bev="3" fileid="2" />
                <SequencePoint vc="12" uspid="109" ordinal="2" offset="23" sl="102" sc="17" el="102" ec="18" bec="0" bev="0" fileid="2" />
                <SequencePoint vc="12" uspid="110" ordinal="3" offset="24" sl="103" sc="21" el="103" ec="42" bec="0" bev="0" fileid="2" />
                <SequencePoint vc="1" uspid="111" ordinal="4" offset="35" sl="106" sc="17" el="106" ec="18" bec="0" bev="0" fileid="2" />
                <SequencePoint vc="1" uspid="112" ordinal="5" offset="36" sl="107" sc="21" el="107" ec="81" bec="0" bev="0" fileid="2" />
                <SequencePoint vc="12" uspid="113" ordinal="6" offset="47" sl="109" sc="13" el="109" ec="14" bec="0" bev="0" fileid="2" />
              </SequencePoints>
              <BranchPoints>
                <BranchPoint vc="13" uspid="114" ordinal="0" offset="3" sl="101" path="0" offsetend="5" fileid="2" />
                <BranchPoint vc="0" uspid="115" ordinal="1" offset="3" sl="101" path="1" offsetend="18" fileid="2" />
                <BranchPoint vc="12" uspid="116" ordinal="2" offset="21" sl="101" path="0" offsetend="23" fileid="2" />
                <BranchPoint vc="1" uspid="117" ordinal="3" offset="21" sl="101" path="1" offsetend="35" fileid="2" />
              </BranchPoints>
              <MethodPoint xsi:type="SequencePoint" vc="13" uspid="107" ordinal="0" offset="0" sl="100" sc="13" el="100" ec="14" bec="0" bev="0" fileid="2" />
            </Method>
            <Method visited="true" cyclomaticComplexity="3" nPathComplexity="4" sequenceCoverage="100" branchCoverage="80" crapScore="3" isConstructor="false" isStatic="false" isGetter="false" isSetter="true">
              <Summary numSequencePoints="8" visitedSequencePoints="8" numBranchPoints="5" visitedBranchPoints="4" sequenceCoverage="100" branchCoverage="80" maxCyclomaticComplexity="3" minCyclomaticComplexity="3" maxCrapScore="3" minCrapScore="3" visitedClasses="0" numClasses="0" visitedMethods="1" numMethods="1" />
              <MetadataToken>100663325</MetadataToken>
              <Name>System.Void lab9.CarArray::set_Item(System.Int32,Car)</Name>
              <FileRef uid="2" />
              <SequencePoints>
                <SequencePoint vc="5" uspid="118" ordinal="0" offset="0" sl="112" sc="13" el="112" ec="14" bec="0" bev="0" fileid="2" />
                <SequencePoint vc="5" uspid="119" ordinal="1" offset="1" sl="113" sc="17" el="113" ec="57" bec="4" bev="3" fileid="2" />
                <SequencePoint vc="4" uspid="120" ordinal="2" offset="23" sl="114" sc="17" el="114" ec="18" bec="0" bev="0" fileid="2" />
                <SequencePoint vc="4" uspid="121" ordinal="3" offset="24" sl="115" sc="21" el="115" ec="43" bec="0" bev="0" fileid="2" />
                <SequencePoint vc="4" uspid="122" ordinal="4" offset="33" sl="116" sc="17" el="116" ec="18" bec="0" bev="0" fileid="2" />
                <SequencePoint vc="1" uspid="123" ordinal="5" offset="36" sl="118" sc="17" el="118" ec="18" bec="0" bev="0" fileid="2" />
                <SequencePoint vc="1" uspid="124" ordinal="6" offset="37" sl="119" sc="21" el="119" ec="81" bec="0" bev="0" fileid="2" />
                <SequencePoint vc="4" uspid="125" ordinal="7" offset="48" sl="121" sc="13" el="121" ec="14" bec="0" bev="0" fileid="2" />
              </SequencePoints>
              <BranchPoints>
                <BranchPoint vc="5" uspid="126" ordinal="0" offset="3" sl="113" path="0" offsetend="5" fileid="2" />
                <BranchPoint vc="0" uspid="127" ordinal="1" offset="3" sl="113" path="1" offsetend="18" fileid="2" />
                <BranchPoint vc="4" uspid="128" ordinal="2" offset="21" sl="113" path="0" offsetend="23" fileid="2" />
                <BranchPoint vc="1" uspid="129" ordinal="3" offset="21" sl="113" path="1" offsetend="36" fileid="2" />
              </BranchPoints>
              <MethodPoint xsi:type="SequencePoint" vc="5" uspid="118" ordinal="0" offset="0" sl="112" sc="13" el="112" ec="14" bec="0" bev="0" fileid="2" />
            </Method>
            <Method visited="true" cyclomaticComplexity="1" nPathComplexity="0" sequenceCoverage="100" branchCoverage="100" crapScore="1" isConstructor="true" isStatic="false" isGetter="false" isSetter="false">
              <Summary numSequencePoints="6" visitedSequencePoints="6" numBranchPoints="1" visitedBranchPoints="1" sequenceCoverage="100" branchCoverage="100" maxCyclomaticComplexity="1" minCyclomaticComplexity="1" maxCrapScore="1" minCrapScore="1" visitedClasses="0" numClasses="0" visitedMethods="1" numMethods="1" />
              <MetadataToken>100663317</MetadataToken>
              <Name>System.Void lab9.CarArray::.ctor()</Name>
              <FileRef uid="2" />
              <SequencePoints>
                <SequencePoint vc="4" uspid="130" ordinal="0" offset="0" sl="12" sc="9" el="12" ec="35" bec="0" bev="0" fileid="2" />
                <SequencePoint vc="4" uspid="131" ordinal="1" offset="11" sl="16" sc="9" el="16" ec="26" bec="0" bev="0" fileid="2" />
                <SequencePoint vc="4" uspid="132" ordinal="2" offset="18" sl="17" sc="9" el="17" ec="10" bec="0" bev="0" fileid="2" />
                <SequencePoint vc="4" uspid="133" ordinal="3" offset="19" sl="18" sc="13" el="18" ec="33" bec="0" bev="0" fileid="2" />
                <SequencePoint vc="4" uspid="134" ordinal="4" offset="31" sl="19" sc="13" el="19" ec="24" bec="0" bev="0" fileid="2" />
                <SequencePoint vc="4" uspid="135" ordinal="5" offset="43" sl="20" sc="9" el="20" ec="10" bec="0" bev="0" fileid="2" />
              </SequencePoints>
              <BranchPoints />
              <MethodPoint xsi:type="SequencePoint" vc="4" uspid="130" ordinal="0" offset="0" sl="12" sc="9" el="12" ec="35" bec="0" bev="0" fileid="2" />
            </Method>
            <Method visited="true" cyclomaticComplexity="1" nPathComplexity="0" sequenceCoverage="100" branchCoverage="100" crapScore="1" isConstructor="false" isStatic="true" isGetter="false" isSetter="false">
              <Summary numSequencePoints="3" visitedSequencePoints="3" numBranchPoints="1" visitedBranchPoints="1" sequenceCoverage="100" branchCoverage="100" maxCyclomaticComplexity="1" minCyclomaticComplexity="1" maxCrapScore="1" minCrapScore="1" visitedClasses="0" numClasses="0" visitedMethods="1" numMethods="1" />
              <MetadataToken>100663319</MetadataToken>
              <Name>System.Void lab9.CarArray::CountReset()</Name>
              <FileRef uid="2" />
              <SequencePoints>
                <SequencePoint vc="2" uspid="136" ordinal="0" offset="0" sl="24" sc="9" el="24" ec="10" bec="0" bev="0" fileid="2" />
                <SequencePoint vc="2" uspid="137" ordinal="1" offset="1" sl="25" sc="13" el="25" ec="26" bec="0" bev="0" fileid="2" />
                <SequencePoint vc="2" uspid="138" ordinal="2" offset="7" sl="26" sc="9" el="26" ec="10" bec="0" bev="0" fileid="2" />
              </SequencePoints>
              <BranchPoints />
              <MethodPoint xsi:type="SequencePoint" vc="2" uspid="136" ordinal="0" offset="0" sl="24" sc="9" el="24" ec="10" bec="0" bev="0" fileid="2" />
            </Method>
            <Method visited="true" cyclomaticComplexity="12" nPathComplexity="256" sequenceCoverage="36.59" branchCoverage="11.76" crapScore="48.71" isConstructor="true" isStatic="false" isGetter="false" isSetter="false">
              <Summary numSequencePoints="41" visitedSequencePoints="15" numBranchPoints="17" visitedBranchPoints="2" sequenceCoverage="36.59" branchCoverage="11.76" maxCyclomaticComplexity="12" minCyclomaticComplexity="12" maxCrapScore="48.71" minCrapScore="48.71" visitedClasses="0" numClasses="0" visitedMethods="1" numMethods="1" />
              <MetadataToken>100663321</MetadataToken>
              <Name>System.Void lab9.CarArray::.ctor(System.Int32,System.String)</Name>
              <FileRef uid="2" />
              <SequencePoints>
                <SequencePoint vc="7" uspid="139" ordinal="0" offset="0" sl="12" sc="9" el="12" ec="35" bec="0" bev="0" fileid="2" />
                <SequencePoint vc="7" uspid="140" ordinal="1" offset="11" sl="29" sc="9" el="29" ec="52" bec="0" bev="0" fileid="2" />
                <SequencePoint vc="7" uspid="141" ordinal="2" offset="18" sl="30" sc="9" el="30" ec="10" bec="0" bev="0" fileid="2" />
                <SequencePoint vc="7" uspid="142" ordinal="3" offset="19" sl="31" sc="13" el="31" ec="37" bec="2" bev="1" fileid="2" />
                <SequencePoint vc="7" uspid="143" ordinal="4" offset="34" sl="32" sc="13" el="32" ec="14" bec="0" bev="0" fileid="2" />
                <SequencePoint vc="7" uspid="144" ordinal="5" offset="35" sl="33" sc="17" el="33" ec="42" bec="0" bev="0" fileid="2" />
                <SequencePoint vc="7" uspid="145" ordinal="6" offset="47" sl="35" sc="22" el="35" ec="31" bec="0" bev="0" fileid="2" />
                <SequencePoint vc="20" uspid="146" ordinal="7" offset="51" sl="36" sc="17" el="36" ec="18" bec="0" bev="0" fileid="2" />
                <SequencePoint vc="20" uspid="147" ordinal="8" offset="52" sl="37" sc="21" el="37" ec="76" bec="0" bev="0" fileid="2" />
                <SequencePoint vc="20" uspid="148" ordinal="9" offset="96" sl="38" sc="17" el="38" ec="18" bec="0" bev="0" fileid="2" />
                <SequencePoint vc="20" uspid="149" ordinal="10" offset="97" sl="35" sc="52" el="35" ec="55" bec="0" bev="0" fileid="2" />
                <SequencePoint vc="27" uspid="150" ordinal="11" offset="101" sl="35" sc="33" el="35" ec="50" bec="0" bev="0" fileid="2" />
                <SequencePoint vc="7" uspid="151" ordinal="12" offset="116" sl="39" sc="13" el="39" ec="14" bec="0" bev="0" fileid="2" />
                <SequencePoint vc="0" uspid="152" ordinal="13" offset="122" sl="41" sc="13" el="41" ec="14" bec="0" bev="0" fileid="2" />
                <SequencePoint vc="0" uspid="153" ordinal="14" offset="123" sl="42" sc="17" el="42" ec="42" bec="0" bev="0" fileid="2" />
                <SequencePoint vc="0" uspid="154" ordinal="15" offset="135" sl="43" sc="22" el="43" ec="31" bec="0" bev="0" fileid="2" />
                <SequencePoint vc="0" uspid="155" ordinal="16" offset="142" sl="44" sc="17" el="44" ec="18" bec="0" bev="0" fileid="2" />
                <SequencePoint vc="0" uspid="156" ordinal="17" offset="143" sl="45" sc="21" el="45" ec="44" bec="0" bev="0" fileid="2" />
                <SequencePoint vc="0" uspid="157" ordinal="18" offset="146" sl="49" sc="21" el="49" ec="22" bec="0" bev="0" fileid="2" />
                <SequencePoint vc="0" uspid="158" ordinal="19" offset="147" sl="50" sc="25" el="50" ec="75" bec="0" bev="0" fileid="2" />
                <SequencePoint vc="0" uspid="159" ordinal="20" offset="171" sl="51" sc="25" el="51" ec="60" bec="0" bev="0" fileid="2" />
                <SequencePoint vc="0" uspid="160" ordinal="21" offset="178" sl="52" sc="25" el="52" ec="76" bec="0" bev="0" fileid="2" />
                <SequencePoint vc="0" uspid="161" ordinal="22" offset="189" sl="53" sc="25" el="53" ec="58" bec="4" bev="0" fileid="2" />
                <SequencePoint vc="0" uspid="162" ordinal="23" offset="218" sl="54" sc="29" el="54" ec="58" bec="0" bev="0" fileid="2" />
                <SequencePoint vc="0" uspid="163" ordinal="24" offset="229" sl="55" sc="21" el="55" ec="22" bec="0" bev="0" fileid="2" />
                <SequencePoint vc="0" uspid="164" ordinal="25" offset="230" sl="55" sc="23" el="55" ec="60" bec="2" bev="0" fileid="2" />
                <SequencePoint vc="0" uspid="165" ordinal="26" offset="259" sl="57" sc="21" el="57" ec="22" bec="0" bev="0" fileid="2" />
                <SequencePoint vc="0" uspid="166" ordinal="27" offset="260" sl="58" sc="25" el="58" ec="77" bec="0" bev="0" fileid="2" />
                <SequencePoint vc="0" uspid="167" ordinal="28" offset="284" sl="59" sc="25" el="59" ec="60" bec="0" bev="0" fileid="2" />
                <SequencePoint vc="0" uspid="168" ordinal="29" offset="291" sl="60" sc="25" el="60" ec="75" bec="0" bev="0" fileid="2" />
                <SequencePoint vc="0" uspid="169" ordinal="30" offset="302" sl="61" sc="25" el="61" ec="56" bec="4" bev="0" fileid="2" />
                <SequencePoint vc="0" uspid="170" ordinal="31" offset="328" sl="62" sc="29" el="62" ec="58" bec="0" bev="0" fileid="2" />
                <SequencePoint vc="0" uspid="171" ordinal="32" offset="339" sl="63" sc="21" el="63" ec="22" bec="0" bev="0" fileid="2" />
                <SequencePoint vc="0" uspid="172" ordinal="33" offset="340" sl="63" sc="23" el="63" ec="58" bec="2" bev="0" fileid="2" />
                <SequencePoint vc="0" uspid="173" ordinal="34" offset="366" sl="64" sc="21" el="64" ec="62" bec="0" bev="0" fileid="2" />
                <SequencePoint vc="0" uspid="174" ordinal="35" offset="383" sl="65" sc="17" el="65" ec="18" bec="0" bev="0" fileid="2" />
                <SequencePoint vc="0" uspid="175" ordinal="36" offset="384" sl="43" sc="52" el="43" ec="55" bec="0" bev="0" fileid="2" />
                <SequencePoint vc="0" uspid="176" ordinal="37" offset="388" sl="43" sc="33" el="43" ec="50" bec="2" bev="0" fileid="2" />
                <SequencePoint vc="0" uspid="177" ordinal="38" offset="408" sl="66" sc="13" el="66" ec="14" bec="0" bev="0" fileid="2" />
                <SequencePoint vc="7" uspid="178" ordinal="39" offset="409" sl="67" sc="13" el="67" ec="24" bec="0" bev="0" fileid="2" />
                <SequencePoint vc="7" uspid="179" ordinal="40" offset="421" sl="68" sc="9" el="68" ec="10" bec="0" bev="0" fileid="2" />
              </SequencePoints>
              <BranchPoints>
                <BranchPoint vc="7" uspid="180" ordinal="0" offset="32" sl="31" path="0" offsetend="34" fileid="2" />
                <BranchPoint vc="0" uspid="181" ordinal="1" offset="32" sl="31" path="1" offsetend="122" fileid="2" />
                <BranchPoint vc="0" uspid="182" ordinal="2" offset="191" sl="53" path="0" offsetend="193" fileid="2" />
                <BranchPoint vc="0" uspid="183" ordinal="3" offset="191" sl="53" path="1" offsetend="211" fileid="2" />
                <BranchPoint vc="0" uspid="184" ordinal="4" offset="216" sl="53" path="0" offsetend="218" fileid="2" />
                <BranchPoint vc="0" uspid="185" ordinal="5" offset="216" sl="53" path="1" offsetend="229" fileid="2" />
                <BranchPoint vc="0" uspid="186" ordinal="6" offset="232" sl="55" path="0" offsetend="234" fileid="2" />
                <BranchPoint vc="0" uspid="187" ordinal="7" offset="232" sl="55" path="1" offsetend="252" fileid="2" />
                <BranchPoint vc="0" uspid="188" ordinal="8" offset="304" sl="61" path="0" offsetend="306" fileid="2" />
                <BranchPoint vc="0" uspid="189" ordinal="9" offset="304" sl="61" path="1" offsetend="321" fileid="2" />
                <BranchPoint vc="0" uspid="190" ordinal="10" offset="326" sl="61" path="0" offsetend="328" fileid="2" />
                <BranchPoint vc="0" uspid="191" ordinal="11" offset="326" sl="61" path="1" offsetend="339" fileid="2" />
                <BranchPoint vc="0" uspid="192" ordinal="12" offset="342" sl="63" path="0" offsetend="344" fileid="2" />
                <BranchPoint vc="0" uspid="193" ordinal="13" offset="342" sl="63" path="1" offsetend="359" fileid="2" />
                <BranchPoint vc="0" uspid="194" ordinal="14" offset="403" sl="43" path="0" offsetend="408" fileid="2" />
                <BranchPoint vc="0" uspid="195" ordinal="15" offset="403" sl="43" path="1" offsetend="142" fileid="2" />
              </BranchPoints>
              <MethodPoint xsi:type="SequencePoint" vc="7" uspid="139" ordinal="0" offset="0" sl="12" sc="9" el="12" ec="35" bec="0" bev="0" fileid="2" />
            </Method>
            <Method visited="true" cyclomaticComplexity="2" nPathComplexity="0" sequenceCoverage="100" branchCoverage="100" crapScore="2" isConstructor="true" isStatic="false" isGetter="false" isSetter="false">
              <Summary numSequencePoints="12" visitedSequencePoints="12" numBranchPoints="1" visitedBranchPoints="1" sequenceCoverage="100" branchCoverage="100" maxCyclomaticComplexity="2" minCyclomaticComplexity="2" maxCrapScore="2" minCrapScore="2" visitedClasses="0" numClasses="0" visitedMethods="1" numMethods="1" />
              <MetadataToken>100663322</MetadataToken>
              <Name>System.Void lab9.CarArray::.ctor(lab9.CarArray)</Name>
              <FileRef uid="2" />
              <SequencePoints>
                <SequencePoint vc="2" uspid="196" ordinal="0" offset="0" sl="12" sc="9" el="12" ec="35" bec="0" bev="0" fileid="2" />
                <SequencePoint vc="2" uspid="197" ordinal="1" offset="11" sl="70" sc="9" el="70" ec="44" bec="0" bev="0" fileid="2" />
                <SequencePoint vc="2" uspid="198" ordinal="2" offset="18" sl="71" sc="9" el="71" ec="10" bec="0" bev="0" fileid="2" />
                <SequencePoint vc="2" uspid="199" ordinal="3" offset="19" sl="72" sc="13" el="72" ec="55" bec="0" bev="0" fileid="2" />
                <SequencePoint vc="2" uspid="200" ordinal="4" offset="38" sl="73" sc="18" el="73" ec="27" bec="0" bev="0" fileid="2" />
                <SequencePoint vc="4" uspid="201" ordinal="5" offset="42" sl="74" sc="13" el="74" ec="14" bec="0" bev="0" fileid="2" />
                <SequencePoint vc="4" uspid="202" ordinal="6" offset="43" sl="75" sc="17" el="75" ec="99" bec="0" bev="0" fileid="2" />
                <SequencePoint vc="4" uspid="203" ordinal="7" offset="82" sl="76" sc="13" el="76" ec="14" bec="0" bev="0" fileid="2" />
                <SequencePoint vc="4" uspid="204" ordinal="8" offset="83" sl="73" sc="58" el="73" ec="61" bec="0" bev="0" fileid="2" />
                <SequencePoint vc="6" uspid="205" ordinal="9" offset="87" sl="73" sc="29" el="73" ec="56" bec="0" bev="0" fileid="2" />
                <SequencePoint vc="2" uspid="206" ordinal="10" offset="102" sl="77" sc="13" el="77" ec="24" bec="0" bev="0" fileid="2" />
                <SequencePoint vc="2" uspid="207" ordinal="11" offset="114" sl="78" sc="9" el="78" ec="10" bec="0" bev="0" fileid="2" />
              </SequencePoints>
              <BranchPoints />
              <MethodPoint xsi:type="SequencePoint" vc="2" uspid="196" ordinal="0" offset="0" sl="12" sc="9" el="12" ec="35" bec="0" bev="0" fileid="2" />
            </Method>
            <Method visited="true" cyclomaticComplexity="3" nPathComplexity="2" sequenceCoverage="81.25" branchCoverage="66.67" crapScore="3.06" isConstructor="false" isStatic="false" isGetter="false" isSetter="false">
              <Summary numSequencePoints="16" visitedSequencePoints="13" numBranchPoints="3" visitedBranchPoints="2" sequenceCoverage="81.25" branchCoverage="66.67" maxCyclomaticComplexity="3" minCyclomaticComplexity="3" maxCrapScore="3.06" minCrapScore="3.06" visitedClasses="0" numClasses="0" visitedMethods="1" numMethods="1" />
              <MetadataToken>100663323</MetadataToken>
              <Name>System.Void lab9.CarArray::ArrayPrint()</Name>
              <FileRef uid="2" />
              <SequencePoints>
                <SequencePoint vc="1" uspid="208" ordinal="0" offset="0" sl="81" sc="9" el="81" ec="10" bec="0" bev="0" fileid="2" />
                <SequencePoint vc="1" uspid="209" ordinal="1" offset="1" sl="82" sc="13" el="82" ec="35" bec="2" bev="1" fileid="2" />
                <SequencePoint vc="1" uspid="210" ordinal="2" offset="15" sl="83" sc="13" el="83" ec="14" bec="0" bev="0" fileid="2" />
                <SequencePoint vc="1" uspid="211" ordinal="3" offset="16" sl="84" sc="22" el="84" ec="31" bec="0" bev="0" fileid="2" />
                <SequencePoint vc="2" uspid="212" ordinal="4" offset="20" sl="85" sc="17" el="85" ec="18" bec="0" bev="0" fileid="2" />
                <SequencePoint vc="2" uspid="213" ordinal="5" offset="21" sl="86" sc="21" el="86" ec="63" bec="0" bev="0" fileid="2" />
                <SequencePoint vc="2" uspid="214" ordinal="6" offset="45" sl="87" sc="21" el="87" ec="39" bec="0" bev="0" fileid="2" />
                <SequencePoint vc="2" uspid="215" ordinal="7" offset="59" sl="88" sc="21" el="88" ec="41" bec="0" bev="0" fileid="2" />
                <SequencePoint vc="2" uspid="216" ordinal="8" offset="65" sl="89" sc="17" el="89" ec="18" bec="0" bev="0" fileid="2" />
                <SequencePoint vc="2" uspid="217" ordinal="9" offset="66" sl="84" sc="52" el="84" ec="55" bec="0" bev="0" fileid="2" />
                <SequencePoint vc="3" uspid="218" ordinal="10" offset="70" sl="84" sc="33" el="84" ec="50" bec="0" bev="0" fileid="2" />
                <SequencePoint vc="1" uspid="219" ordinal="11" offset="85" sl="90" sc="13" el="90" ec="14" bec="0" bev="0" fileid="2" />
                <SequencePoint vc="0" uspid="220" ordinal="12" offset="88" sl="92" sc="13" el="92" ec="14" bec="0" bev="0" fileid="2" />
                <SequencePoint vc="0" uspid="221" ordinal="13" offset="89" sl="93" sc="17" el="93" ec="53" bec="0" bev="0" fileid="2" />
                <SequencePoint vc="0" uspid="222" ordinal="14" offset="100" sl="94" sc="13" el="94" ec="14" bec="0" bev="0" fileid="2" />
                <SequencePoint vc="1" uspid="223" ordinal="15" offset="101" sl="95" sc="9" el="95" ec="10" bec="0" bev="0" fileid="2" />
              </SequencePoints>
              <BranchPoints>
                <BranchPoint vc="1" uspid="224" ordinal="0" offset="13" sl="82" path="0" offsetend="15" fileid="2" />
                <BranchPoint vc="0" uspid="225" ordinal="1" offset="13" sl="82" path="1" offsetend="88" fileid="2" />
              </BranchPoints>
              <MethodPoint xsi:type="SequencePoint" vc="1" uspid="208" ordinal="0" offset="0" sl="81" sc="9" el="81" ec="10" bec="0" bev="0" fileid="2" />
            </Method>
          </Methods>
        </Class>
        <Class>
          <Summary numSequencePoints="119" visitedSequencePoints="21" numBranchPoints="24" visitedBranchPoints="2" sequenceCoverage="17.65" branchCoverage="8.33" maxCyclomaticComplexity="13" minCyclomaticComplexity="1" maxCrapScore="182" minCrapScore="2" visitedClasses="1" numClasses="1" visitedMethods="1" numMethods="2" />
          <FullName>lab9.Program</FullName>
          <Methods>
            <Method visited="true" cyclomaticComplexity="3" nPathComplexity="2" sequenceCoverage="100" branchCoverage="66.67" crapScore="3" isConstructor="false" isStatic="true" isGetter="false" isSetter="false">
              <Summary numSequencePoints="21" visitedSequencePoints="21" numBranchPoints="3" visitedBranchPoints="2" sequenceCoverage="100" branchCoverage="66.67" maxCyclomaticComplexity="3" minCyclomaticComplexity="3" maxCrapScore="3" minCrapScore="3" visitedClasses="0" numClasses="0" visitedMethods="1" numMethods="1" />
              <MetadataToken>100663326</MetadataToken>
              <Name>Car lab9.Program::FindLowest(lab9.CarArray)</Name>
              <FileRef uid="3" />
              <SequencePoints>
                <SequencePoint vc="1" uspid="226" ordinal="0" offset="0" sl="15" sc="9" el="15" ec="10" bec="0" bev="0" fileid="3" />
                <SequencePoint vc="1" uspid="227" ordinal="1" offset="1" sl="16" sc="13" el="16" ec="30" bec="0" bev="0" fileid="3" />
                <SequencePoint vc="1" uspid="228" ordinal="2" offset="8" sl="17" sc="13" el="17" ec="33" bec="0" bev="0" fileid="3" />
                <SequencePoint vc="1" uspid="229" ordinal="3" offset="14" sl="19" sc="13" el="19" ec="36" bec="0" bev="0" fileid="3" />
                <SequencePoint vc="1" uspid="230" ordinal="4" offset="20" sl="20" sc="13" el="20" ec="40" bec="0" bev="0" fileid="3" />
                <SequencePoint vc="1" uspid="231" ordinal="5" offset="30" sl="21" sc="13" el="21" ec="30" bec="0" bev="0" fileid="3" />
                <SequencePoint vc="1" uspid="232" ordinal="6" offset="32" sl="23" sc="18" el="23" ec="27" bec="0" bev="0" fileid="3" />
                <SequencePoint vc="2" uspid="233" ordinal="7" offset="36" sl="24" sc="13" el="24" ec="14" bec="0" bev="0" fileid="3" />
                <SequencePoint vc="2" uspid="234" ordinal="8" offset="37" sl="25" sc="17" el="25" ec="53" bec="2" bev="1" fileid="3" />
                <SequencePoint vc="2" uspid="235" ordinal="9" offset="58" sl="26" sc="17" el="26" ec="18" bec="0" bev="0" fileid="3" />
                <SequencePoint vc="2" uspid="236" ordinal="10" offset="59" sl="27" sc="21" el="27" ec="53" bec="0" bev="0" fileid="3" />
                <SequencePoint vc="2" uspid="237" ordinal="11" offset="72" sl="28" sc="21" el="28" ec="37" bec="0" bev="0" fileid="3" />
                <SequencePoint vc="2" uspid="238" ordinal="12" offset="80" sl="29" sc="21" el="29" ec="34" bec="0" bev="0" fileid="3" />
                <SequencePoint vc="2" uspid="239" ordinal="13" offset="82" sl="30" sc="17" el="30" ec="18" bec="0" bev="0" fileid="3" />
                <SequencePoint vc="2" uspid="240" ordinal="14" offset="83" sl="31" sc="13" el="31" ec="14" bec="0" bev="0" fileid="3" />
                <SequencePoint vc="2" uspid="241" ordinal="15" offset="84" sl="23" sc="45" el="23" ec="48" bec="0" bev="0" fileid="3" />
                <SequencePoint vc="3" uspid="242" ordinal="16" offset="88" sl="23" sc="29" el="23" ec="43" bec="0" bev="0" fileid="3" />
                <SequencePoint vc="1" uspid="243" ordinal="17" offset="103" sl="32" sc="13" el="32" ec="85" bec="0" bev="0" fileid="3" />
                <SequencePoint vc="1" uspid="244" ordinal="18" offset="127" sl="33" sc="13" el="33" ec="28" bec="0" bev="0" fileid="3" />
                <SequencePoint vc="1" uspid="245" ordinal="19" offset="134" sl="35" sc="13" el="35" ec="27" bec="0" bev="0" fileid="3" />
                <SequencePoint vc="1" uspid="246" ordinal="20" offset="139" sl="36" sc="9" el="36" ec="10" bec="0" bev="0" fileid="3" />
              </SequencePoints>
              <BranchPoints>
                <BranchPoint vc="2" uspid="247" ordinal="0" offset="56" sl="25" path="0" offsetend="58" fileid="3" />
                <BranchPoint vc="0" uspid="248" ordinal="1" offset="56" sl="25" path="1" offsetend="83" fileid="3" />
              </BranchPoints>
              <MethodPoint xsi:type="SequencePoint" vc="1" uspid="226" ordinal="0" offset="0" sl="15" sc="9" el="15" ec="10" bec="0" bev="0" fileid="3" />
            </Method>
            <Method visited="false" cyclomaticComplexity="13" nPathComplexity="1024" sequenceCoverage="0" branchCoverage="0" crapScore="182" isConstructor="false" isStatic="true" isGetter="false" isSetter="false">
              <Summary numSequencePoints="98" visitedSequencePoints="0" numBranchPoints="21" visitedBranchPoints="0" sequenceCoverage="0" branchCoverage="0" maxCyclomaticComplexity="13" minCyclomaticComplexity="13" maxCrapScore="182" minCrapScore="182" visitedClasses="0" numClasses="0" visitedMethods="0" numMethods="1" />
              <MetadataToken>100663327</MetadataToken>
              <Name>System.Void lab9.Program::Main(System.String[])</Name>
              <FileRef uid="3" />
              <SequencePoints>
                <SequencePoint vc="0" uspid="249" ordinal="0" offset="0" sl="39" sc="9" el="39" ec="10" bec="0" bev="0" fileid="3" />
                <SequencePoint vc="0" uspid="250" ordinal="1" offset="1" sl="40" sc="13" el="40" ec="48" bec="0" bev="0" fileid="3" />
                <SequencePoint vc="0" uspid="251" ordinal="2" offset="7" sl="42" sc="13" el="42" ec="28" bec="8" bev="0" fileid="3" />
                <SequencePoint vc="0" uspid="252" ordinal="3" offset="84" sl="45" sc="21" el="45" ec="48" bec="0" bev="0" fileid="3" />
                <SequencePoint vc="0" uspid="253" ordinal="4" offset="108" sl="46" sc="21" el="46" ec="42" bec="0" bev="0" fileid="3" />
                <SequencePoint vc="0" uspid="254" ordinal="5" offset="114" sl="49" sc="21" el="49" ec="58" bec="0" bev="0" fileid="3" />
                <SequencePoint vc="0" uspid="255" ordinal="6" offset="125" sl="50" sc="21" el="50" ec="34" bec="0" bev="0" fileid="3" />
                <SequencePoint vc="0" uspid="256" ordinal="7" offset="132" sl="51" sc="21" el="51" ec="34" bec="0" bev="0" fileid="3" />
                <SequencePoint vc="0" uspid="257" ordinal="8" offset="139" sl="52" sc="21" el="52" ec="41" bec="0" bev="0" fileid="3" />
                <SequencePoint vc="0" uspid="258" ordinal="9" offset="145" sl="55" sc="21" el="55" ec="50" bec="0" bev="0" fileid="3" />
                <SequencePoint vc="0" uspid="259" ordinal="10" offset="156" sl="56" sc="21" el="56" ec="57" bec="0" bev="0" fileid="3" />
                <SequencePoint vc="0" uspid="260" ordinal="11" offset="168" sl="57" sc="21" el="57" ec="59" bec="0" bev="0" fileid="3" />
                <SequencePoint vc="0" uspid="261" ordinal="12" offset="179" sl="58" sc="21" el="58" ec="60" bec="0" bev="0" fileid="3" />
                <SequencePoint vc="0" uspid="262" ordinal="13" offset="191" sl="59" sc="21" el="59" ec="41" bec="0" bev="0" fileid="3" />
                <SequencePoint vc="0" uspid="263" ordinal="14" offset="197" sl="62" sc="21" el="62" ec="74" bec="0" bev="0" fileid="3" />
                <SequencePoint vc="0" uspid="264" ordinal="15" offset="223" sl="63" sc="21" el="63" ec="41" bec="0" bev="0" fileid="3" />
                <SequencePoint vc="0" uspid="265" ordinal="16" offset="229" sl="66" sc="21" el="66" ec="48" bec="0" bev="0" fileid="3" />
                <SequencePoint vc="0" uspid="266" ordinal="17" offset="253" sl="68" sc="21" el="68" ec="76" bec="0" bev="0" fileid="3" />
                <SequencePoint vc="0" uspid="267" ordinal="18" offset="264" sl="69" sc="21" el="69" ec="34" bec="0" bev="0" fileid="3" />
                <SequencePoint vc="0" uspid="268" ordinal="19" offset="271" sl="70" sc="21" el="70" ec="34" bec="0" bev="0" fileid="3" />
                <SequencePoint vc="0" uspid="269" ordinal="20" offset="278" sl="71" sc="21" el="71" ec="34" bec="0" bev="0" fileid="3" />
                <SequencePoint vc="0" uspid="270" ordinal="21" offset="285" sl="72" sc="21" el="72" ec="41" bec="0" bev="0" fileid="3" />
                <SequencePoint vc="0" uspid="271" ordinal="22" offset="291" sl="74" sc="21" el="74" ec="50" bec="0" bev="0" fileid="3" />
                <SequencePoint vc="0" uspid="272" ordinal="23" offset="302" sl="75" sc="21" el="75" ec="28" bec="0" bev="0" fileid="3" />
                <SequencePoint vc="0" uspid="273" ordinal="24" offset="309" sl="76" sc="21" el="76" ec="34" bec="0" bev="0" fileid="3" />
                <SequencePoint vc="0" uspid="274" ordinal="25" offset="316" sl="77" sc="21" el="77" ec="41" bec="0" bev="0" fileid="3" />
                <SequencePoint vc="0" uspid="275" ordinal="26" offset="322" sl="79" sc="21" el="79" ec="50" bec="0" bev="0" fileid="3" />
                <SequencePoint vc="0" uspid="276" ordinal="27" offset="333" sl="80" sc="21" el="80" ec="28" bec="0" bev="0" fileid="3" />
                <SequencePoint vc="0" uspid="277" ordinal="28" offset="340" sl="81" sc="21" el="81" ec="34" bec="0" bev="0" fileid="3" />
                <SequencePoint vc="0" uspid="278" ordinal="29" offset="347" sl="82" sc="21" el="82" ec="41" bec="0" bev="0" fileid="3" />
                <SequencePoint vc="0" uspid="279" ordinal="30" offset="353" sl="84" sc="21" el="84" ec="50" bec="0" bev="0" fileid="3" />
                <SequencePoint vc="0" uspid="280" ordinal="31" offset="361" sl="85" sc="21" el="85" ec="56" bec="0" bev="0" fileid="3" />
                <SequencePoint vc="0" uspid="281" ordinal="32" offset="372" sl="86" sc="21" el="86" ec="51" bec="0" bev="0" fileid="3" />
                <SequencePoint vc="0" uspid="282" ordinal="33" offset="380" sl="87" sc="21" el="87" ec="41" bec="0" bev="0" fileid="3" />
                <SequencePoint vc="0" uspid="283" ordinal="34" offset="386" sl="89" sc="21" el="89" ec="48" bec="0" bev="0" fileid="3" />
                <SequencePoint vc="0" uspid="284" ordinal="35" offset="394" sl="90" sc="21" el="90" ec="58" bec="0" bev="0" fileid="3" />
                <SequencePoint vc="0" uspid="285" ordinal="36" offset="405" sl="91" sc="21" el="91" ec="53" bec="0" bev="0" fileid="3" />
                <SequencePoint vc="0" uspid="286" ordinal="37" offset="413" sl="92" sc="21" el="92" ec="41" bec="0" bev="0" fileid="3" />
                <SequencePoint vc="0" uspid="287" ordinal="38" offset="419" sl="94" sc="21" el="94" ec="62" bec="0" bev="0" fileid="3" />
                <SequencePoint vc="0" uspid="288" ordinal="39" offset="430" sl="95" sc="21" el="95" ec="37" bec="0" bev="0" fileid="3" />
                <SequencePoint vc="0" uspid="289" ordinal="40" offset="446" sl="96" sc="21" el="96" ec="34" bec="0" bev="0" fileid="3" />
                <SequencePoint vc="0" uspid="290" ordinal="41" offset="453" sl="97" sc="21" el="97" ec="41" bec="0" bev="0" fileid="3" />
                <SequencePoint vc="0" uspid="291" ordinal="42" offset="459" sl="99" sc="21" el="99" ec="63" bec="0" bev="0" fileid="3" />
                <SequencePoint vc="0" uspid="292" ordinal="43" offset="470" sl="100" sc="21" el="100" ec="37" bec="0" bev="0" fileid="3" />
                <SequencePoint vc="0" uspid="293" ordinal="44" offset="486" sl="101" sc="21" el="101" ec="34" bec="0" bev="0" fileid="3" />
                <SequencePoint vc="0" uspid="294" ordinal="45" offset="493" sl="102" sc="21" el="102" ec="41" bec="0" bev="0" fileid="3" />
                <SequencePoint vc="0" uspid="295" ordinal="46" offset="499" sl="104" sc="21" el="104" ec="46" bec="0" bev="0" fileid="3" />
                <SequencePoint vc="0" uspid="296" ordinal="47" offset="507" sl="106" sc="21" el="106" ec="56" bec="0" bev="0" fileid="3" />
                <SequencePoint vc="0" uspid="297" ordinal="48" offset="518" sl="107" sc="21" el="107" ec="53" bec="0" bev="0" fileid="3" />
                <SequencePoint vc="0" uspid="298" ordinal="49" offset="532" sl="108" sc="21" el="108" ec="41" bec="0" bev="0" fileid="3" />
                <SequencePoint vc="0" uspid="299" ordinal="50" offset="538" sl="110" sc="21" el="110" ec="56" bec="0" bev="0" fileid="3" />
                <SequencePoint vc="0" uspid="300" ordinal="51" offset="549" sl="111" sc="21" el="111" ec="53" bec="0" bev="0" fileid="3" />
                <SequencePoint vc="0" uspid="301" ordinal="52" offset="563" sl="112" sc="21" el="112" ec="41" bec="0" bev="0" fileid="3" />
                <SequencePoint vc="0" uspid="302" ordinal="53" offset="569" sl="114" sc="21" el="114" ec="27" bec="0" bev="0" fileid="3" />
                <SequencePoint vc="0" uspid="303" ordinal="54" offset="574" sl="117" sc="21" el="117" ec="44" bec="0" bev="0" fileid="3" />
                <SequencePoint vc="0" uspid="304" ordinal="55" offset="577" sl="119" sc="21" el="119" ec="75" bec="0" bev="0" fileid="3" />
                <SequencePoint vc="0" uspid="305" ordinal="56" offset="588" sl="122" sc="21" el="122" ec="22" bec="0" bev="0" fileid="3" />
                <SequencePoint vc="0" uspid="306" ordinal="57" offset="589" sl="123" sc="25" el="123" ec="60" bec="0" bev="0" fileid="3" />
                <SequencePoint vc="0" uspid="307" ordinal="58" offset="596" sl="124" sc="25" el="124" ec="70" bec="0" bev="0" fileid="3" />
                <SequencePoint vc="0" uspid="308" ordinal="59" offset="607" sl="125" sc="25" el="125" ec="54" bec="4" bev="0" fileid="3" />
                <SequencePoint vc="0" uspid="309" ordinal="60" offset="625" sl="126" sc="29" el="126" ec="58" bec="0" bev="0" fileid="3" />
                <SequencePoint vc="0" uspid="310" ordinal="61" offset="636" sl="127" sc="21" el="127" ec="22" bec="0" bev="0" fileid="3" />
                <SequencePoint vc="0" uspid="311" ordinal="62" offset="637" sl="127" sc="23" el="127" ec="56" bec="2" bev="0" fileid="3" />
                <SequencePoint vc="0" uspid="312" ordinal="63" offset="655" sl="128" sc="21" el="128" ec="69" bec="0" bev="0" fileid="3" />
                <SequencePoint vc="0" uspid="313" ordinal="64" offset="669" sl="129" sc="21" el="129" ec="40" bec="0" bev="0" fileid="3" />
                <SequencePoint vc="0" uspid="314" ordinal="65" offset="677" sl="130" sc="21" el="130" ec="41" bec="0" bev="0" fileid="3" />
                <SequencePoint vc="0" uspid="315" ordinal="66" offset="683" sl="132" sc="21" el="132" ec="75" bec="0" bev="0" fileid="3" />
                <SequencePoint vc="0" uspid="316" ordinal="67" offset="694" sl="134" sc="21" el="134" ec="22" bec="0" bev="0" fileid="3" />
                <SequencePoint vc="0" uspid="317" ordinal="68" offset="695" sl="135" sc="25" el="135" ec="60" bec="0" bev="0" fileid="3" />
                <SequencePoint vc="0" uspid="318" ordinal="69" offset="702" sl="136" sc="25" el="136" ec="70" bec="0" bev="0" fileid="3" />
                <SequencePoint vc="0" uspid="319" ordinal="70" offset="713" sl="137" sc="25" el="137" ec="54" bec="4" bev="0" fileid="3" />
                <SequencePoint vc="0" uspid="320" ordinal="71" offset="731" sl="138" sc="29" el="138" ec="58" bec="0" bev="0" fileid="3" />
                <SequencePoint vc="0" uspid="321" ordinal="72" offset="742" sl="139" sc="21" el="139" ec="22" bec="0" bev="0" fileid="3" />
                <SequencePoint vc="0" uspid="322" ordinal="73" offset="743" sl="139" sc="23" el="139" ec="56" bec="2" bev="0" fileid="3" />
                <SequencePoint vc="0" uspid="323" ordinal="74" offset="761" sl="140" sc="21" el="140" ec="67" bec="0" bev="0" fileid="3" />
                <SequencePoint vc="0" uspid="324" ordinal="75" offset="775" sl="141" sc="21" el="141" ec="40" bec="0" bev="0" fileid="3" />
                <SequencePoint vc="0" uspid="325" ordinal="76" offset="783" sl="142" sc="21" el="142" ec="41" bec="0" bev="0" fileid="3" />
                <SequencePoint vc="0" uspid="326" ordinal="77" offset="789" sl="144" sc="21" el="144" ec="62" bec="0" bev="0" fileid="3" />
                <SequencePoint vc="0" uspid="327" ordinal="78" offset="800" sl="145" sc="21" el="145" ec="61" bec="0" bev="0" fileid="3" />
                <SequencePoint vc="0" uspid="328" ordinal="79" offset="809" sl="146" sc="21" el="146" ec="43" bec="0" bev="0" fileid="3" />
                <SequencePoint vc="0" uspid="329" ordinal="80" offset="817" sl="147" sc="21" el="147" ec="41" bec="0" bev="0" fileid="3" />
                <SequencePoint vc="0" uspid="330" ordinal="81" offset="823" sl="149" sc="21" el="149" ec="27" bec="0" bev="0" fileid="3" />
                <SequencePoint vc="0" uspid="331" ordinal="82" offset="828" sl="152" sc="21" el="152" ec="57" bec="0" bev="0" fileid="3" />
                <SequencePoint vc="0" uspid="332" ordinal="83" offset="839" sl="153" sc="21" el="153" ec="64" bec="0" bev="0" fileid="3" />
                <SequencePoint vc="0" uspid="333" ordinal="84" offset="852" sl="154" sc="21" el="154" ec="40" bec="0" bev="0" fileid="3" />
                <SequencePoint vc="0" uspid="334" ordinal="85" offset="860" sl="155" sc="21" el="155" ec="41" bec="0" bev="0" fileid="3" />
                <SequencePoint vc="0" uspid="335" ordinal="86" offset="866" sl="157" sc="21" el="157" ec="72" bec="0" bev="0" fileid="3" />
                <SequencePoint vc="0" uspid="336" ordinal="87" offset="877" sl="158" sc="21" el="158" ec="52" bec="0" bev="0" fileid="3" />
                <SequencePoint vc="0" uspid="337" ordinal="88" offset="909" sl="159" sc="21" el="159" ec="38" bec="0" bev="0" fileid="3" />
                <SequencePoint vc="0" uspid="338" ordinal="89" offset="923" sl="160" sc="21" el="160" ec="41" bec="0" bev="0" fileid="3" />
                <SequencePoint vc="0" uspid="339" ordinal="90" offset="929" sl="162" sc="21" el="162" ec="74" bec="0" bev="0" fileid="3" />
                <SequencePoint vc="0" uspid="340" ordinal="91" offset="940" sl="163" sc="21" el="163" ec="54" bec="0" bev="0" fileid="3" />
                <SequencePoint vc="0" uspid="341" ordinal="92" offset="973" sl="164" sc="21" el="164" ec="40" bec="0" bev="0" fileid="3" />
                <SequencePoint vc="0" uspid="342" ordinal="93" offset="988" sl="166" sc="21" el="166" ec="27" bec="0" bev="0" fileid="3" />
                <SequencePoint vc="0" uspid="343" ordinal="94" offset="990" sl="169" sc="21" el="169" ec="65" bec="0" bev="0" fileid="3" />
                <SequencePoint vc="0" uspid="344" ordinal="95" offset="1004" sl="170" sc="21" el="170" ec="39" bec="0" bev="0" fileid="3" />
                <SequencePoint vc="0" uspid="345" ordinal="96" offset="1012" sl="172" sc="21" el="172" ec="27" bec="0" bev="0" fileid="3" />
                <SequencePoint vc="0" uspid="346" ordinal="97" offset="1014" sl="174" sc="9" el="174" ec="10" bec="0" bev="0" fileid="3" />
              </SequencePoints>
              <BranchPoints>
                <BranchPoint vc="0" uspid="347" ordinal="0" offset="26" sl="42" path="0" offsetend="28" fileid="3" />
                <BranchPoint vc="0" uspid="348" ordinal="1" offset="26" sl="42" path="1" offsetend="84" fileid="3" />
                <BranchPoint vc="0" uspid="349" ordinal="2" offset="40" sl="42" path="0" offsetend="45" fileid="3" />
                <BranchPoint vc="0" uspid="350" ordinal="3" offset="40" sl="42" path="1" offsetend="574" fileid="3" />
                <BranchPoint vc="0" uspid="351" ordinal="4" offset="57" sl="42" path="0" offsetend="62" fileid="3" />
                <BranchPoint vc="0" uspid="352" ordinal="5" offset="57" sl="42" path="1" offsetend="828" fileid="3" />
                <BranchPoint vc="0" uspid="353" ordinal="6" offset="74" sl="42" path="0" offsetchain="79" offsetend="1014" fileid="3" />
                <BranchPoint vc="0" uspid="354" ordinal="7" offset="74" sl="42" path="1" offsetend="990" fileid="3" />
                <BranchPoint vc="0" uspid="355" ordinal="8" offset="609" sl="125" path="0" offsetend="611" fileid="3" />
                <BranchPoint vc="0" uspid="356" ordinal="9" offset="609" sl="125" path="1" offsetend="618" fileid="3" />
                <BranchPoint vc="0" uspid="357" ordinal="10" offset="623" sl="125" path="0" offsetend="625" fileid="3" />
                <BranchPoint vc="0" uspid="358" ordinal="11" offset="623" sl="125" path="1" offsetend="636" fileid="3" />
                <BranchPoint vc="0" uspid="359" ordinal="12" offset="639" sl="127" path="0" offsetend="641" fileid="3" />
                <BranchPoint vc="0" uspid="360" ordinal="13" offset="639" sl="127" path="1" offsetend="648" fileid="3" />
                <BranchPoint vc="0" uspid="361" ordinal="14" offset="715" sl="137" path="0" offsetend="717" fileid="3" />
                <BranchPoint vc="0" uspid="362" ordinal="15" offset="715" sl="137" path="1" offsetend="724" fileid="3" />
                <BranchPoint vc="0" uspid="363" ordinal="16" offset="729" sl="137" path="0" offsetend="731" fileid="3" />
                <BranchPoint vc="0" uspid="364" ordinal="17" offset="729" sl="137" path="1" offsetend="742" fileid="3" />
                <BranchPoint vc="0" uspid="365" ordinal="18" offset="745" sl="139" path="0" offsetend="747" fileid="3" />
                <BranchPoint vc="0" uspid="366" ordinal="19" offset="745" sl="139" path="1" offsetend="754" fileid="3" />
              </BranchPoints>
              <MethodPoint xsi:type="SequencePoint" vc="0" uspid="249" ordinal="0" offset="0" sl="39" sc="9" el="39" ec="10" bec="0" bev="0" fileid="3" />
            </Method>
            <Method visited="false" cyclomaticComplexity="1" nPathComplexity="0" sequenceCoverage="0" branchCoverage="0" crapScore="2" isConstructor="true" isStatic="false" isGetter="false" isSetter="false">
              <Summary numSequencePoints="0" visitedSequencePoints="0" numBranchPoints="0" visitedBranchPoints="0" sequenceCoverage="0" branchCoverage="0" maxCyclomaticComplexity="1" minCyclomaticComplexity="1" maxCrapScore="2" minCrapScore="2" visitedClasses="0" numClasses="0" visitedMethods="0" numMethods="0" />
              <MetadataToken>100663328</MetadataToken>
              <Name>System.Void lab9.Program::.ctor()</Name>
              <SequencePoints />
              <BranchPoints />
              <MethodPoint vc="0" uspid="367" ordinal="0" offset="0" />
            </Method>
          </Methods>
        </Class>
      </Classes>
    </Module>
  </Modules>
</CoverageSession>